2016-02-26T11:39:08+00:00 ERR (3): Warning: simplexml_load_string(): Entity: line 147: parser error : Opening and ending tag mismatch: contact_us_page line 143 and contact_us  in /home/stagingweb/public_html/demo/vv/printforbrands/lib/Varien/Simplexml/Config.php on line 510
2016-02-26T11:39:08+00:00 ERR (3): Warning: simplexml_load_string():                 &lt;/contact_us&gt;  in /home/stagingweb/public_html/demo/vv/printforbrands/lib/Varien/Simplexml/Config.php on line 510
2016-02-26T11:39:08+00:00 ERR (3): Warning: simplexml_load_string():                              ^  in /home/stagingweb/public_html/demo/vv/printforbrands/lib/Varien/Simplexml/Config.php on line 510
2016-02-26T11:39:14+00:00 ERR (3): Warning: simplexml_load_string(): Entity: line 147: parser error : Opening and ending tag mismatch: contact_us_page line 143 and contact_us  in /home/stagingweb/public_html/demo/vv/printforbrands/lib/Varien/Simplexml/Config.php on line 510
2016-02-26T11:39:14+00:00 ERR (3): Warning: simplexml_load_string():                 &lt;/contact_us&gt;  in /home/stagingweb/public_html/demo/vv/printforbrands/lib/Varien/Simplexml/Config.php on line 510
2016-02-26T11:39:14+00:00 ERR (3): Warning: simplexml_load_string():                              ^  in /home/stagingweb/public_html/demo/vv/printforbrands/lib/Varien/Simplexml/Config.php on line 510
2016-02-26T11:39:58+00:00 ERR (3): Warning: simplexml_load_string(): Entity: line 147: parser error : Opening and ending tag mismatch: contact_us_page line 143 and contact_us  in /home/stagingweb/public_html/demo/vv/printforbrands/lib/Varien/Simplexml/Config.php on line 510
2016-02-26T11:39:58+00:00 ERR (3): Warning: simplexml_load_string():                 &lt;/contact_us&gt;  in /home/stagingweb/public_html/demo/vv/printforbrands/lib/Varien/Simplexml/Config.php on line 510
2016-02-26T11:39:58+00:00 ERR (3): Warning: simplexml_load_string():                              ^  in /home/stagingweb/public_html/demo/vv/printforbrands/lib/Varien/Simplexml/Config.php on line 510
2016-08-14T11:42:42+00:00 ERR (3): Warning: Error while sending QUERY packet. PID=39155  in /home/printforbrandswe/public_html/lib/Zend/Db/Statement/Pdo.php on line 228
2016-09-26T10:36:30+00:00 ERR (3): Warning: simplexml_load_string(): Entity: line 46: parser error : StartTag: invalid element name  in /home/printforbrandswe/public_html/lib/Varien/Simplexml/Config.php on line 510
2016-09-26T10:36:30+00:00 ERR (3): Warning: simplexml_load_string():             &lt;&gt;  in /home/printforbrandswe/public_html/lib/Varien/Simplexml/Config.php on line 510
2016-09-26T10:36:30+00:00 ERR (3): Warning: simplexml_load_string():              ^  in /home/printforbrandswe/public_html/lib/Varien/Simplexml/Config.php on line 510
2016-09-26T10:36:30+00:00 ERR (3): Warning: simplexml_load_string(): Entity: line 158: parser error : Opening and ending tag mismatch: page line 45 and layouts  in /home/printforbrandswe/public_html/lib/Varien/Simplexml/Config.php on line 510
2016-09-26T10:36:30+00:00 ERR (3): Warning: simplexml_load_string():             &lt;/layouts&gt;  in /home/printforbrandswe/public_html/lib/Varien/Simplexml/Config.php on line 510
2016-09-26T10:36:30+00:00 ERR (3): Warning: simplexml_load_string():                       ^  in /home/printforbrandswe/public_html/lib/Varien/Simplexml/Config.php on line 510
2016-09-26T10:36:30+00:00 ERR (3): Warning: simplexml_load_string(): Entity: line 159: parser error : Opening and ending tag mismatch: global line 34 and page  in /home/printforbrandswe/public_html/lib/Varien/Simplexml/Config.php on line 510
2016-09-26T10:36:30+00:00 ERR (3): Warning: simplexml_load_string():         &lt;/page&gt;  in /home/printforbrandswe/public_html/lib/Varien/Simplexml/Config.php on line 510
2016-09-26T10:36:30+00:00 ERR (3): Warning: simplexml_load_string():                ^  in /home/printforbrandswe/public_html/lib/Varien/Simplexml/Config.php on line 510
2016-09-26T10:36:30+00:00 ERR (3): Warning: simplexml_load_string(): Entity: line 160: parser error : Opening and ending tag mismatch: config line 28 and global  in /home/printforbrandswe/public_html/lib/Varien/Simplexml/Config.php on line 510
2016-09-26T10:36:30+00:00 ERR (3): Warning: simplexml_load_string():     &lt;/global&gt;  in /home/printforbrandswe/public_html/lib/Varien/Simplexml/Config.php on line 510
2016-09-26T10:36:30+00:00 ERR (3): Warning: simplexml_load_string():              ^  in /home/printforbrandswe/public_html/lib/Varien/Simplexml/Config.php on line 510
2016-09-26T10:36:30+00:00 ERR (3): Warning: simplexml_load_string(): Entity: line 161: parser error : Extra content at the end of the document  in /home/printforbrandswe/public_html/lib/Varien/Simplexml/Config.php on line 510
2016-09-26T10:36:30+00:00 ERR (3): Warning: simplexml_load_string():     &lt;frontend&gt;  in /home/printforbrandswe/public_html/lib/Varien/Simplexml/Config.php on line 510
2016-09-26T10:36:30+00:00 ERR (3): Warning: simplexml_load_string():     ^  in /home/printforbrandswe/public_html/lib/Varien/Simplexml/Config.php on line 510
2016-09-26T10:36:31+00:00 ERR (3): Warning: simplexml_load_string(): Entity: line 46: parser error : StartTag: invalid element name  in /home/printforbrandswe/public_html/lib/Varien/Simplexml/Config.php on line 510
2016-09-26T10:36:31+00:00 ERR (3): Warning: simplexml_load_string():             &lt;&gt;  in /home/printforbrandswe/public_html/lib/Varien/Simplexml/Config.php on line 510
2016-09-26T10:36:31+00:00 ERR (3): Warning: simplexml_load_string():              ^  in /home/printforbrandswe/public_html/lib/Varien/Simplexml/Config.php on line 510
2016-09-26T10:36:31+00:00 ERR (3): Warning: simplexml_load_string(): Entity: line 158: parser error : Opening and ending tag mismatch: page line 45 and layouts  in /home/printforbrandswe/public_html/lib/Varien/Simplexml/Config.php on line 510
2016-09-26T10:36:31+00:00 ERR (3): Warning: simplexml_load_string():             &lt;/layouts&gt;  in /home/printforbrandswe/public_html/lib/Varien/Simplexml/Config.php on line 510
2016-09-26T10:36:31+00:00 ERR (3): Warning: simplexml_load_string():                       ^  in /home/printforbrandswe/public_html/lib/Varien/Simplexml/Config.php on line 510
2016-09-26T10:36:31+00:00 ERR (3): Warning: simplexml_load_string(): Entity: line 159: parser error : Opening and ending tag mismatch: global line 34 and page  in /home/printforbrandswe/public_html/lib/Varien/Simplexml/Config.php on line 510
2016-09-26T10:36:31+00:00 ERR (3): Warning: simplexml_load_string():         &lt;/page&gt;  in /home/printforbrandswe/public_html/lib/Varien/Simplexml/Config.php on line 510
2016-09-26T10:36:31+00:00 ERR (3): Warning: simplexml_load_string():                ^  in /home/printforbrandswe/public_html/lib/Varien/Simplexml/Config.php on line 510
2016-09-26T10:36:31+00:00 ERR (3): Warning: simplexml_load_string(): Entity: line 160: parser error : Opening and ending tag mismatch: config line 28 and global  in /home/printforbrandswe/public_html/lib/Varien/Simplexml/Config.php on line 510
2016-09-26T10:36:31+00:00 ERR (3): Warning: simplexml_load_string():     &lt;/global&gt;  in /home/printforbrandswe/public_html/lib/Varien/Simplexml/Config.php on line 510
2016-09-26T10:36:31+00:00 ERR (3): Warning: simplexml_load_string():              ^  in /home/printforbrandswe/public_html/lib/Varien/Simplexml/Config.php on line 510
2016-09-26T10:36:31+00:00 ERR (3): Warning: simplexml_load_string(): Entity: line 161: parser error : Extra content at the end of the document  in /home/printforbrandswe/public_html/lib/Varien/Simplexml/Config.php on line 510
2016-09-26T10:36:31+00:00 ERR (3): Warning: simplexml_load_string():     &lt;frontend&gt;  in /home/printforbrandswe/public_html/lib/Varien/Simplexml/Config.php on line 510
2016-09-26T10:36:31+00:00 ERR (3): Warning: simplexml_load_string():     ^  in /home/printforbrandswe/public_html/lib/Varien/Simplexml/Config.php on line 510
2016-09-26T10:36:54+00:00 ERR (3): Warning: simplexml_load_string(): Entity: line 46: parser error : StartTag: invalid element name  in /home/printforbrandswe/public_html/lib/Varien/Simplexml/Config.php on line 510
2016-09-26T10:36:54+00:00 ERR (3): Warning: simplexml_load_string():             &lt;&gt;  in /home/printforbrandswe/public_html/lib/Varien/Simplexml/Config.php on line 510
2016-09-26T10:36:54+00:00 ERR (3): Warning: simplexml_load_string():              ^  in /home/printforbrandswe/public_html/lib/Varien/Simplexml/Config.php on line 510
2016-09-26T10:36:54+00:00 ERR (3): Warning: simplexml_load_string(): Entity: line 158: parser error : Opening and ending tag mismatch: page line 45 and layouts  in /home/printforbrandswe/public_html/lib/Varien/Simplexml/Config.php on line 510
2016-09-26T10:36:54+00:00 ERR (3): Warning: simplexml_load_string():             &lt;/layouts&gt;  in /home/printforbrandswe/public_html/lib/Varien/Simplexml/Config.php on line 510
2016-09-26T10:36:54+00:00 ERR (3): Warning: simplexml_load_string():                       ^  in /home/printforbrandswe/public_html/lib/Varien/Simplexml/Config.php on line 510
2016-09-26T10:36:54+00:00 ERR (3): Warning: simplexml_load_string(): Entity: line 159: parser error : Opening and ending tag mismatch: global line 34 and page  in /home/printforbrandswe/public_html/lib/Varien/Simplexml/Config.php on line 510
2016-09-26T10:36:54+00:00 ERR (3): Warning: simplexml_load_string():         &lt;/page&gt;  in /home/printforbrandswe/public_html/lib/Varien/Simplexml/Config.php on line 510
2016-09-26T10:36:54+00:00 ERR (3): Warning: simplexml_load_string():                ^  in /home/printforbrandswe/public_html/lib/Varien/Simplexml/Config.php on line 510
2016-09-26T10:36:54+00:00 ERR (3): Warning: simplexml_load_string(): Entity: line 160: parser error : Opening and ending tag mismatch: config line 28 and global  in /home/printforbrandswe/public_html/lib/Varien/Simplexml/Config.php on line 510
2016-09-26T10:36:54+00:00 ERR (3): Warning: simplexml_load_string():     &lt;/global&gt;  in /home/printforbrandswe/public_html/lib/Varien/Simplexml/Config.php on line 510
2016-09-26T10:36:54+00:00 ERR (3): Warning: simplexml_load_string():              ^  in /home/printforbrandswe/public_html/lib/Varien/Simplexml/Config.php on line 510
2016-09-26T10:36:54+00:00 ERR (3): Warning: simplexml_load_string(): Entity: line 161: parser error : Extra content at the end of the document  in /home/printforbrandswe/public_html/lib/Varien/Simplexml/Config.php on line 510
2016-09-26T10:36:54+00:00 ERR (3): Warning: simplexml_load_string():     &lt;frontend&gt;  in /home/printforbrandswe/public_html/lib/Varien/Simplexml/Config.php on line 510
2016-09-26T10:36:54+00:00 ERR (3): Warning: simplexml_load_string():     ^  in /home/printforbrandswe/public_html/lib/Varien/Simplexml/Config.php on line 510
2016-09-26T10:38:00+00:00 ERR (3): Warning: simplexml_load_string(): Entity: line 46: parser error : StartTag: invalid element name  in /home/printforbrandswe/public_html/lib/Varien/Simplexml/Config.php on line 510
2016-09-26T10:38:00+00:00 ERR (3): Warning: simplexml_load_string():             &lt;&gt;  in /home/printforbrandswe/public_html/lib/Varien/Simplexml/Config.php on line 510
2016-09-26T10:38:00+00:00 ERR (3): Warning: simplexml_load_string():              ^  in /home/printforbrandswe/public_html/lib/Varien/Simplexml/Config.php on line 510
2016-09-26T10:38:00+00:00 ERR (3): Warning: simplexml_load_string(): Entity: line 158: parser error : Opening and ending tag mismatch: page line 45 and layouts  in /home/printforbrandswe/public_html/lib/Varien/Simplexml/Config.php on line 510
2016-09-26T10:38:00+00:00 ERR (3): Warning: simplexml_load_string():             &lt;/layouts&gt;  in /home/printforbrandswe/public_html/lib/Varien/Simplexml/Config.php on line 510
2016-09-26T10:38:00+00:00 ERR (3): Warning: simplexml_load_string():                       ^  in /home/printforbrandswe/public_html/lib/Varien/Simplexml/Config.php on line 510
2016-09-26T10:38:00+00:00 ERR (3): Warning: simplexml_load_string(): Entity: line 159: parser error : Opening and ending tag mismatch: global line 34 and page  in /home/printforbrandswe/public_html/lib/Varien/Simplexml/Config.php on line 510
2016-09-26T10:38:00+00:00 ERR (3): Warning: simplexml_load_string():         &lt;/page&gt;  in /home/printforbrandswe/public_html/lib/Varien/Simplexml/Config.php on line 510
2016-09-26T10:38:00+00:00 ERR (3): Warning: simplexml_load_string():                ^  in /home/printforbrandswe/public_html/lib/Varien/Simplexml/Config.php on line 510
2016-09-26T10:38:00+00:00 ERR (3): Warning: simplexml_load_string(): Entity: line 160: parser error : Opening and ending tag mismatch: config line 28 and global  in /home/printforbrandswe/public_html/lib/Varien/Simplexml/Config.php on line 510
2016-09-26T10:38:00+00:00 ERR (3): Warning: simplexml_load_string():     &lt;/global&gt;  in /home/printforbrandswe/public_html/lib/Varien/Simplexml/Config.php on line 510
2016-09-26T10:38:00+00:00 ERR (3): Warning: simplexml_load_string():              ^  in /home/printforbrandswe/public_html/lib/Varien/Simplexml/Config.php on line 510
2016-09-26T10:38:00+00:00 ERR (3): Warning: simplexml_load_string(): Entity: line 161: parser error : Extra content at the end of the document  in /home/printforbrandswe/public_html/lib/Varien/Simplexml/Config.php on line 510
2016-09-26T10:38:00+00:00 ERR (3): Warning: simplexml_load_string():     &lt;frontend&gt;  in /home/printforbrandswe/public_html/lib/Varien/Simplexml/Config.php on line 510
2016-09-26T10:38:00+00:00 ERR (3): Warning: simplexml_load_string():     ^  in /home/printforbrandswe/public_html/lib/Varien/Simplexml/Config.php on line 510
2016-09-26T10:38:07+00:00 ERR (3): Warning: simplexml_load_string(): Entity: line 46: parser error : StartTag: invalid element name  in /home/printforbrandswe/public_html/lib/Varien/Simplexml/Config.php on line 510
2016-09-26T10:38:07+00:00 ERR (3): Warning: simplexml_load_string():             &lt;&gt;  in /home/printforbrandswe/public_html/lib/Varien/Simplexml/Config.php on line 510
2016-09-26T10:38:07+00:00 ERR (3): Warning: simplexml_load_string():              ^  in /home/printforbrandswe/public_html/lib/Varien/Simplexml/Config.php on line 510
2016-09-26T10:38:07+00:00 ERR (3): Warning: simplexml_load_string(): Entity: line 154: parser error : Opening and ending tag mismatch: page line 45 and layouts  in /home/printforbrandswe/public_html/lib/Varien/Simplexml/Config.php on line 510
2016-09-26T10:38:07+00:00 ERR (3): Warning: simplexml_load_string():             &lt;/layouts&gt;  in /home/printforbrandswe/public_html/lib/Varien/Simplexml/Config.php on line 510
2016-09-26T10:38:07+00:00 ERR (3): Warning: simplexml_load_string():                       ^  in /home/printforbrandswe/public_html/lib/Varien/Simplexml/Config.php on line 510
2016-09-26T10:38:07+00:00 ERR (3): Warning: simplexml_load_string(): Entity: line 155: parser error : Opening and ending tag mismatch: global line 34 and page  in /home/printforbrandswe/public_html/lib/Varien/Simplexml/Config.php on line 510
2016-09-26T10:38:07+00:00 ERR (3): Warning: simplexml_load_string():         &lt;/page&gt;  in /home/printforbrandswe/public_html/lib/Varien/Simplexml/Config.php on line 510
2016-09-26T10:38:07+00:00 ERR (3): Warning: simplexml_load_string():                ^  in /home/printforbrandswe/public_html/lib/Varien/Simplexml/Config.php on line 510
2016-09-26T10:38:07+00:00 ERR (3): Warning: simplexml_load_string(): Entity: line 156: parser error : Opening and ending tag mismatch: config line 28 and global  in /home/printforbrandswe/public_html/lib/Varien/Simplexml/Config.php on line 510
2016-09-26T10:38:07+00:00 ERR (3): Warning: simplexml_load_string():     &lt;/global&gt;  in /home/printforbrandswe/public_html/lib/Varien/Simplexml/Config.php on line 510
2016-09-26T10:38:07+00:00 ERR (3): Warning: simplexml_load_string():              ^  in /home/printforbrandswe/public_html/lib/Varien/Simplexml/Config.php on line 510
2016-09-26T10:38:07+00:00 ERR (3): Warning: simplexml_load_string(): Entity: line 157: parser error : Extra content at the end of the document  in /home/printforbrandswe/public_html/lib/Varien/Simplexml/Config.php on line 510
2016-09-26T10:38:07+00:00 ERR (3): Warning: simplexml_load_string():     &lt;frontend&gt;  in /home/printforbrandswe/public_html/lib/Varien/Simplexml/Config.php on line 510
2016-09-26T10:38:07+00:00 ERR (3): Warning: simplexml_load_string():     ^  in /home/printforbrandswe/public_html/lib/Varien/Simplexml/Config.php on line 510
2016-09-26T10:38:11+00:00 ERR (3): Warning: simplexml_load_string(): Entity: line 46: parser error : StartTag: invalid element name  in /home/printforbrandswe/public_html/lib/Varien/Simplexml/Config.php on line 510
2016-09-26T10:38:11+00:00 ERR (3): Warning: simplexml_load_string():             &lt;&gt;  in /home/printforbrandswe/public_html/lib/Varien/Simplexml/Config.php on line 510
2016-09-26T10:38:11+00:00 ERR (3): Warning: simplexml_load_string():              ^  in /home/printforbrandswe/public_html/lib/Varien/Simplexml/Config.php on line 510
2016-09-26T10:38:11+00:00 ERR (3): Warning: simplexml_load_string(): Entity: line 154: parser error : Opening and ending tag mismatch: page line 45 and layouts  in /home/printforbrandswe/public_html/lib/Varien/Simplexml/Config.php on line 510
2016-09-26T10:38:11+00:00 ERR (3): Warning: simplexml_load_string():             &lt;/layouts&gt;  in /home/printforbrandswe/public_html/lib/Varien/Simplexml/Config.php on line 510
2016-09-26T10:38:11+00:00 ERR (3): Warning: simplexml_load_string():                       ^  in /home/printforbrandswe/public_html/lib/Varien/Simplexml/Config.php on line 510
2016-09-26T10:38:11+00:00 ERR (3): Warning: simplexml_load_string(): Entity: line 155: parser error : Opening and ending tag mismatch: global line 34 and page  in /home/printforbrandswe/public_html/lib/Varien/Simplexml/Config.php on line 510
2016-09-26T10:38:11+00:00 ERR (3): Warning: simplexml_load_string():         &lt;/page&gt;  in /home/printforbrandswe/public_html/lib/Varien/Simplexml/Config.php on line 510
2016-09-26T10:38:11+00:00 ERR (3): Warning: simplexml_load_string():                ^  in /home/printforbrandswe/public_html/lib/Varien/Simplexml/Config.php on line 510
2016-09-26T10:38:11+00:00 ERR (3): Warning: simplexml_load_string(): Entity: line 156: parser error : Opening and ending tag mismatch: config line 28 and global  in /home/printforbrandswe/public_html/lib/Varien/Simplexml/Config.php on line 510
2016-09-26T10:38:11+00:00 ERR (3): Warning: simplexml_load_string():     &lt;/global&gt;  in /home/printforbrandswe/public_html/lib/Varien/Simplexml/Config.php on line 510
2016-09-26T10:38:11+00:00 ERR (3): Warning: simplexml_load_string():              ^  in /home/printforbrandswe/public_html/lib/Varien/Simplexml/Config.php on line 510
2016-09-26T10:38:11+00:00 ERR (3): Warning: simplexml_load_string(): Entity: line 157: parser error : Extra content at the end of the document  in /home/printforbrandswe/public_html/lib/Varien/Simplexml/Config.php on line 510
2016-09-26T10:38:11+00:00 ERR (3): Warning: simplexml_load_string():     &lt;frontend&gt;  in /home/printforbrandswe/public_html/lib/Varien/Simplexml/Config.php on line 510
2016-09-26T10:38:11+00:00 ERR (3): Warning: simplexml_load_string():     ^  in /home/printforbrandswe/public_html/lib/Varien/Simplexml/Config.php on line 510
2016-09-26T10:38:12+00:00 ERR (3): Warning: simplexml_load_string(): Entity: line 46: parser error : StartTag: invalid element name  in /home/printforbrandswe/public_html/lib/Varien/Simplexml/Config.php on line 510
2016-09-26T10:38:12+00:00 ERR (3): Warning: simplexml_load_string():             &lt;&gt;  in /home/printforbrandswe/public_html/lib/Varien/Simplexml/Config.php on line 510
2016-09-26T10:38:12+00:00 ERR (3): Warning: simplexml_load_string():              ^  in /home/printforbrandswe/public_html/lib/Varien/Simplexml/Config.php on line 510
2016-09-26T10:38:12+00:00 ERR (3): Warning: simplexml_load_string(): Entity: line 154: parser error : Opening and ending tag mismatch: page line 45 and layouts  in /home/printforbrandswe/public_html/lib/Varien/Simplexml/Config.php on line 510
2016-09-26T10:38:12+00:00 ERR (3): Warning: simplexml_load_string():             &lt;/layouts&gt;  in /home/printforbrandswe/public_html/lib/Varien/Simplexml/Config.php on line 510
2016-09-26T10:38:12+00:00 ERR (3): Warning: simplexml_load_string():                       ^  in /home/printforbrandswe/public_html/lib/Varien/Simplexml/Config.php on line 510
2016-09-26T10:38:12+00:00 ERR (3): Warning: simplexml_load_string(): Entity: line 155: parser error : Opening and ending tag mismatch: global line 34 and page  in /home/printforbrandswe/public_html/lib/Varien/Simplexml/Config.php on line 510
2016-09-26T10:38:12+00:00 ERR (3): Warning: simplexml_load_string():         &lt;/page&gt;  in /home/printforbrandswe/public_html/lib/Varien/Simplexml/Config.php on line 510
2016-09-26T10:38:12+00:00 ERR (3): Warning: simplexml_load_string():                ^  in /home/printforbrandswe/public_html/lib/Varien/Simplexml/Config.php on line 510
2016-09-26T10:38:12+00:00 ERR (3): Warning: simplexml_load_string(): Entity: line 156: parser error : Opening and ending tag mismatch: config line 28 and global  in /home/printforbrandswe/public_html/lib/Varien/Simplexml/Config.php on line 510
2016-09-26T10:38:12+00:00 ERR (3): Warning: simplexml_load_string():     &lt;/global&gt;  in /home/printforbrandswe/public_html/lib/Varien/Simplexml/Config.php on line 510
2016-09-26T10:38:12+00:00 ERR (3): Warning: simplexml_load_string():              ^  in /home/printforbrandswe/public_html/lib/Varien/Simplexml/Config.php on line 510
2016-09-26T10:38:12+00:00 ERR (3): Warning: simplexml_load_string(): Entity: line 157: parser error : Extra content at the end of the document  in /home/printforbrandswe/public_html/lib/Varien/Simplexml/Config.php on line 510
2016-09-26T10:38:12+00:00 ERR (3): Warning: simplexml_load_string():     &lt;frontend&gt;  in /home/printforbrandswe/public_html/lib/Varien/Simplexml/Config.php on line 510
2016-09-26T10:38:12+00:00 ERR (3): Warning: simplexml_load_string():     ^  in /home/printforbrandswe/public_html/lib/Varien/Simplexml/Config.php on line 510
2016-09-26T10:38:19+00:00 ERR (3): Warning: simplexml_load_string(): Entity: line 46: parser error : StartTag: invalid element name  in /home/printforbrandswe/public_html/lib/Varien/Simplexml/Config.php on line 510
2016-09-26T10:38:19+00:00 ERR (3): Warning: simplexml_load_string():             &lt;&gt;  in /home/printforbrandswe/public_html/lib/Varien/Simplexml/Config.php on line 510
2016-09-26T10:38:19+00:00 ERR (3): Warning: simplexml_load_string():              ^  in /home/printforbrandswe/public_html/lib/Varien/Simplexml/Config.php on line 510
2016-09-26T10:38:19+00:00 ERR (3): Warning: simplexml_load_string(): Entity: line 154: parser error : Opening and ending tag mismatch: page line 45 and layouts  in /home/printforbrandswe/public_html/lib/Varien/Simplexml/Config.php on line 510
2016-09-26T10:38:19+00:00 ERR (3): Warning: simplexml_load_string():             &lt;/layouts&gt;  in /home/printforbrandswe/public_html/lib/Varien/Simplexml/Config.php on line 510
2016-09-26T10:38:19+00:00 ERR (3): Warning: simplexml_load_string():                       ^  in /home/printforbrandswe/public_html/lib/Varien/Simplexml/Config.php on line 510
2016-09-26T10:38:19+00:00 ERR (3): Warning: simplexml_load_string(): Entity: line 155: parser error : Opening and ending tag mismatch: global line 34 and page  in /home/printforbrandswe/public_html/lib/Varien/Simplexml/Config.php on line 510
2016-09-26T10:38:19+00:00 ERR (3): Warning: simplexml_load_string():         &lt;/page&gt;  in /home/printforbrandswe/public_html/lib/Varien/Simplexml/Config.php on line 510
2016-09-26T10:38:19+00:00 ERR (3): Warning: simplexml_load_string():                ^  in /home/printforbrandswe/public_html/lib/Varien/Simplexml/Config.php on line 510
2016-09-26T10:38:19+00:00 ERR (3): Warning: simplexml_load_string(): Entity: line 156: parser error : Opening and ending tag mismatch: config line 28 and global  in /home/printforbrandswe/public_html/lib/Varien/Simplexml/Config.php on line 510
2016-09-26T10:38:19+00:00 ERR (3): Warning: simplexml_load_string():     &lt;/global&gt;  in /home/printforbrandswe/public_html/lib/Varien/Simplexml/Config.php on line 510
2016-09-26T10:38:19+00:00 ERR (3): Warning: simplexml_load_string():              ^  in /home/printforbrandswe/public_html/lib/Varien/Simplexml/Config.php on line 510
2016-09-26T10:38:19+00:00 ERR (3): Warning: simplexml_load_string(): Entity: line 157: parser error : Extra content at the end of the document  in /home/printforbrandswe/public_html/lib/Varien/Simplexml/Config.php on line 510
2016-09-26T10:38:19+00:00 ERR (3): Warning: simplexml_load_string():     &lt;frontend&gt;  in /home/printforbrandswe/public_html/lib/Varien/Simplexml/Config.php on line 510
2016-09-26T10:38:19+00:00 ERR (3): Warning: simplexml_load_string():     ^  in /home/printforbrandswe/public_html/lib/Varien/Simplexml/Config.php on line 510
2016-09-26T10:38:20+00:00 ERR (3): Warning: simplexml_load_string(): Entity: line 46: parser error : StartTag: invalid element name  in /home/printforbrandswe/public_html/lib/Varien/Simplexml/Config.php on line 510
2016-09-26T10:38:20+00:00 ERR (3): Warning: simplexml_load_string():             &lt;&gt;  in /home/printforbrandswe/public_html/lib/Varien/Simplexml/Config.php on line 510
2016-09-26T10:38:20+00:00 ERR (3): Warning: simplexml_load_string():              ^  in /home/printforbrandswe/public_html/lib/Varien/Simplexml/Config.php on line 510
2016-09-26T10:38:20+00:00 ERR (3): Warning: simplexml_load_string(): Entity: line 154: parser error : Opening and ending tag mismatch: page line 45 and layouts  in /home/printforbrandswe/public_html/lib/Varien/Simplexml/Config.php on line 510
2016-09-26T10:38:20+00:00 ERR (3): Warning: simplexml_load_string():             &lt;/layouts&gt;  in /home/printforbrandswe/public_html/lib/Varien/Simplexml/Config.php on line 510
2016-09-26T10:38:20+00:00 ERR (3): Warning: simplexml_load_string():                       ^  in /home/printforbrandswe/public_html/lib/Varien/Simplexml/Config.php on line 510
2016-09-26T10:38:20+00:00 ERR (3): Warning: simplexml_load_string(): Entity: line 155: parser error : Opening and ending tag mismatch: global line 34 and page  in /home/printforbrandswe/public_html/lib/Varien/Simplexml/Config.php on line 510
2016-09-26T10:38:20+00:00 ERR (3): Warning: simplexml_load_string():         &lt;/page&gt;  in /home/printforbrandswe/public_html/lib/Varien/Simplexml/Config.php on line 510
2016-09-26T10:38:20+00:00 ERR (3): Warning: simplexml_load_string():                ^  in /home/printforbrandswe/public_html/lib/Varien/Simplexml/Config.php on line 510
2016-09-26T10:38:20+00:00 ERR (3): Warning: simplexml_load_string(): Entity: line 156: parser error : Opening and ending tag mismatch: config line 28 and global  in /home/printforbrandswe/public_html/lib/Varien/Simplexml/Config.php on line 510
2016-09-26T10:38:20+00:00 ERR (3): Warning: simplexml_load_string():     &lt;/global&gt;  in /home/printforbrandswe/public_html/lib/Varien/Simplexml/Config.php on line 510
2016-09-26T10:38:20+00:00 ERR (3): Warning: simplexml_load_string():              ^  in /home/printforbrandswe/public_html/lib/Varien/Simplexml/Config.php on line 510
2016-09-26T10:38:20+00:00 ERR (3): Warning: simplexml_load_string(): Entity: line 157: parser error : Extra content at the end of the document  in /home/printforbrandswe/public_html/lib/Varien/Simplexml/Config.php on line 510
2016-09-26T10:38:20+00:00 ERR (3): Warning: simplexml_load_string():     &lt;frontend&gt;  in /home/printforbrandswe/public_html/lib/Varien/Simplexml/Config.php on line 510
2016-09-26T10:38:20+00:00 ERR (3): Warning: simplexml_load_string():     ^  in /home/printforbrandswe/public_html/lib/Varien/Simplexml/Config.php on line 510
2016-09-26T10:38:21+00:00 ERR (3): Warning: simplexml_load_string(): Entity: line 46: parser error : StartTag: invalid element name  in /home/printforbrandswe/public_html/lib/Varien/Simplexml/Config.php on line 510
2016-09-26T10:38:21+00:00 ERR (3): Warning: simplexml_load_string():             &lt;&gt;  in /home/printforbrandswe/public_html/lib/Varien/Simplexml/Config.php on line 510
2016-09-26T10:38:21+00:00 ERR (3): Warning: simplexml_load_string():              ^  in /home/printforbrandswe/public_html/lib/Varien/Simplexml/Config.php on line 510
2016-09-26T10:38:21+00:00 ERR (3): Warning: simplexml_load_string(): Entity: line 154: parser error : Opening and ending tag mismatch: page line 45 and layouts  in /home/printforbrandswe/public_html/lib/Varien/Simplexml/Config.php on line 510
2016-09-26T10:38:21+00:00 ERR (3): Warning: simplexml_load_string():             &lt;/layouts&gt;  in /home/printforbrandswe/public_html/lib/Varien/Simplexml/Config.php on line 510
2016-09-26T10:38:21+00:00 ERR (3): Warning: simplexml_load_string():                       ^  in /home/printforbrandswe/public_html/lib/Varien/Simplexml/Config.php on line 510
2016-09-26T10:38:21+00:00 ERR (3): Warning: simplexml_load_string(): Entity: line 155: parser error : Opening and ending tag mismatch: global line 34 and page  in /home/printforbrandswe/public_html/lib/Varien/Simplexml/Config.php on line 510
2016-09-26T10:38:21+00:00 ERR (3): Warning: simplexml_load_string():         &lt;/page&gt;  in /home/printforbrandswe/public_html/lib/Varien/Simplexml/Config.php on line 510
2016-09-26T10:38:21+00:00 ERR (3): Warning: simplexml_load_string():                ^  in /home/printforbrandswe/public_html/lib/Varien/Simplexml/Config.php on line 510
2016-09-26T10:38:21+00:00 ERR (3): Warning: simplexml_load_string(): Entity: line 156: parser error : Opening and ending tag mismatch: config line 28 and global  in /home/printforbrandswe/public_html/lib/Varien/Simplexml/Config.php on line 510
2016-09-26T10:38:21+00:00 ERR (3): Warning: simplexml_load_string():     &lt;/global&gt;  in /home/printforbrandswe/public_html/lib/Varien/Simplexml/Config.php on line 510
2016-09-26T10:38:21+00:00 ERR (3): Warning: simplexml_load_string():              ^  in /home/printforbrandswe/public_html/lib/Varien/Simplexml/Config.php on line 510
2016-09-26T10:38:21+00:00 ERR (3): Warning: simplexml_load_string(): Entity: line 157: parser error : Extra content at the end of the document  in /home/printforbrandswe/public_html/lib/Varien/Simplexml/Config.php on line 510
2016-09-26T10:38:21+00:00 ERR (3): Warning: simplexml_load_string():     &lt;frontend&gt;  in /home/printforbrandswe/public_html/lib/Varien/Simplexml/Config.php on line 510
2016-09-26T10:38:21+00:00 ERR (3): Warning: simplexml_load_string():     ^  in /home/printforbrandswe/public_html/lib/Varien/Simplexml/Config.php on line 510
2016-09-26T10:38:26+00:00 ERR (3): Warning: simplexml_load_string(): Entity: line 46: parser error : StartTag: invalid element name  in /home/printforbrandswe/public_html/lib/Varien/Simplexml/Config.php on line 510
2016-09-26T10:38:26+00:00 ERR (3): Warning: simplexml_load_string():             &lt;&gt;  in /home/printforbrandswe/public_html/lib/Varien/Simplexml/Config.php on line 510
2016-09-26T10:38:26+00:00 ERR (3): Warning: simplexml_load_string():              ^  in /home/printforbrandswe/public_html/lib/Varien/Simplexml/Config.php on line 510
2016-09-26T10:38:26+00:00 ERR (3): Warning: simplexml_load_string(): Entity: line 154: parser error : Opening and ending tag mismatch: page line 45 and layouts  in /home/printforbrandswe/public_html/lib/Varien/Simplexml/Config.php on line 510
2016-09-26T10:38:26+00:00 ERR (3): Warning: simplexml_load_string():             &lt;/layouts&gt;  in /home/printforbrandswe/public_html/lib/Varien/Simplexml/Config.php on line 510
2016-09-26T10:38:26+00:00 ERR (3): Warning: simplexml_load_string():                       ^  in /home/printforbrandswe/public_html/lib/Varien/Simplexml/Config.php on line 510
2016-09-26T10:38:26+00:00 ERR (3): Warning: simplexml_load_string(): Entity: line 155: parser error : Opening and ending tag mismatch: global line 34 and page  in /home/printforbrandswe/public_html/lib/Varien/Simplexml/Config.php on line 510
2016-09-26T10:38:26+00:00 ERR (3): Warning: simplexml_load_string():         &lt;/page&gt;  in /home/printforbrandswe/public_html/lib/Varien/Simplexml/Config.php on line 510
2016-09-26T10:38:26+00:00 ERR (3): Warning: simplexml_load_string():                ^  in /home/printforbrandswe/public_html/lib/Varien/Simplexml/Config.php on line 510
2016-09-26T10:38:26+00:00 ERR (3): Warning: simplexml_load_string(): Entity: line 156: parser error : Opening and ending tag mismatch: config line 28 and global  in /home/printforbrandswe/public_html/lib/Varien/Simplexml/Config.php on line 510
2016-09-26T10:38:26+00:00 ERR (3): Warning: simplexml_load_string():     &lt;/global&gt;  in /home/printforbrandswe/public_html/lib/Varien/Simplexml/Config.php on line 510
2016-09-26T10:38:26+00:00 ERR (3): Warning: simplexml_load_string():              ^  in /home/printforbrandswe/public_html/lib/Varien/Simplexml/Config.php on line 510
2016-09-26T10:38:26+00:00 ERR (3): Warning: simplexml_load_string(): Entity: line 157: parser error : Extra content at the end of the document  in /home/printforbrandswe/public_html/lib/Varien/Simplexml/Config.php on line 510
2016-09-26T10:38:26+00:00 ERR (3): Warning: simplexml_load_string():     &lt;frontend&gt;  in /home/printforbrandswe/public_html/lib/Varien/Simplexml/Config.php on line 510
2016-09-26T10:38:26+00:00 ERR (3): Warning: simplexml_load_string():     ^  in /home/printforbrandswe/public_html/lib/Varien/Simplexml/Config.php on line 510
